<?xml version="1.0" encoding="UTF-8" ?>
<testsuite errors="0" failures="0" hostname="babathurpe.local" name="cpd3314.assign8.AreaTest" skipped="0" tests="3" time="0.251" timestamp="2014-11-08T22:27:25">
  <properties>
[...]
</properties>
  <testcase classname="cpd3314.assign8.AreaTest" name="testCalculate_double" time="0.004" />
  <testcase classname="cpd3314.assign8.AreaTest" name="testCalculate_double_double" time="0.001" />
  <testcase classname="cpd3314.assign8.AreaTest" name="testCalculate_3args" time="0.0" />
  <system-out><![CDATA[calculate
calculate
calculate
]]></system-out>
  <system-err><![CDATA[]]></system-err>
</testsuite>
