<?xml version="1.0" encoding="UTF-8" ?>
<testsuite errors="0" failures="0" hostname="CPROB-F14-024" name="cpd3314.assign8.ParkingTicketSimulatorTest" skipped="0" tests="3" time="0.375" timestamp="2014-11-10T20:51:16">
  <properties>
[...]
</properties>
  <testcase classname="cpd3314.assign8.ParkingTicketSimulatorTest" name="testIllegallyParked" time="0.047" />
  <testcase classname="cpd3314.assign8.ParkingTicketSimulatorTest" name="testLegallyParked" time="0.0" />
  <testcase classname="cpd3314.assign8.ParkingTicketSimulatorTest" name="testGettersSetters" time="0.0" />
  <system-out><![CDATA[illegallyParked
illegallyParked
gettersSetters
]]></system-out>
  <system-err><![CDATA[]]></system-err>
</testsuite>
